<?xml version="1.0" encoding="UTF-8"?>
<!-- Generated by org.testng.reporters.JUnitReportReporter -->
<testsuite hostname="salil" failures="0" tests="1" name="walletHubTest.AssignmentTest" time="136.736" errors="0" timestamp="2021-02-07T10:34:59 IST" skipped="0">
  <testcase classname="walletHubTest.AssignmentTest" name="Assignment1" time="136.736"/>
  <system-out/>
</testsuite> <!-- walletHubTest.AssignmentTest -->
